This is pdfTeX, Version 3.14159265-2.6-1.40.16 (TeX Live 2015/Debian) (preloaded format=pdflatex 2018.10.12)  7 SEP 2020 12:13
entering extended mode
 restricted \write18 enabled.
 file:line:error style messages enabled.
 %&-line parsing enabled.
**\input pne-smc-splus.tex
(./pne-smc-splus.tex (/usr/share/texlive/texmf-dist/tex/latex/base/article.cls
Document Class: article 2014/09/29 v1.4h Standard LaTeX document class
(/usr/share/texlive/texmf-dist/tex/latex/base/size11.clo
File: size11.clo 2014/09/29 v1.4h Standard LaTeX file (size option)
)
\c@part=\count79
\c@section=\count80
\c@subsection=\count81
\c@subsubsection=\count82
\c@paragraph=\count83
\c@subparagraph=\count84
\c@figure=\count85
\c@table=\count86
\abovecaptionskip=\skip41
\belowcaptionskip=\skip42
\bibindent=\dimen102
)
(/usr/share/texlive/texmf-dist/tex/latex/base/inputenc.sty
Package: inputenc 2015/03/17 v1.2c Input encoding file
\inpenc@prehook=\toks14
\inpenc@posthook=\toks15

(/usr/share/texlive/texmf-dist/tex/latex/base/utf8.def
File: utf8.def 2015/12/03 v1.1r UTF-8 support for inputenc
Now handling font encoding OML ...
... no UTF-8 mapping file for font encoding OML
Now handling font encoding T1 ...
... processing UTF-8 mapping file for font encoding T1

(/usr/share/texlive/texmf-dist/tex/latex/base/t1enc.dfu
File: t1enc.dfu 2015/12/03 v1.1r UTF-8 support for inputenc
   defining Unicode char U+00A0 (decimal 160)
   defining Unicode char U+00A1 (decimal 161)
   defining Unicode char U+00A3 (decimal 163)
   defining Unicode char U+00AB (decimal 171)
   defining Unicode char U+00AD (decimal 173)
   defining Unicode char U+00BB (decimal 187)
   defining Unicode char U+00BF (decimal 191)
   defining Unicode char U+00C0 (decimal 192)
   defining Unicode char U+00C1 (decimal 193)
   defining Unicode char U+00C2 (decimal 194)
   defining Unicode char U+00C3 (decimal 195)
   defining Unicode char U+00C4 (decimal 196)
   defining Unicode char U+00C5 (decimal 197)
   defining Unicode char U+00C6 (decimal 198)
   defining Unicode char U+00C7 (decimal 199)
   defining Unicode char U+00C8 (decimal 200)
   defining Unicode char U+00C9 (decimal 201)
   defining Unicode char U+00CA (decimal 202)
   defining Unicode char U+00CB (decimal 203)
   defining Unicode char U+00CC (decimal 204)
   defining Unicode char U+00CD (decimal 205)
   defining Unicode char U+00CE (decimal 206)
   defining Unicode char U+00CF (decimal 207)
   defining Unicode char U+00D0 (decimal 208)
   defining Unicode char U+00D1 (decimal 209)
   defining Unicode char U+00D2 (decimal 210)
   defining Unicode char U+00D3 (decimal 211)
   defining Unicode char U+00D4 (decimal 212)
   defining Unicode char U+00D5 (decimal 213)
   defining Unicode char U+00D6 (decimal 214)
   defining Unicode char U+00D8 (decimal 216)
   defining Unicode char U+00D9 (decimal 217)
   defining Unicode char U+00DA (decimal 218)
   defining Unicode char U+00DB (decimal 219)
   defining Unicode char U+00DC (decimal 220)
   defining Unicode char U+00DD (decimal 221)
   defining Unicode char U+00DE (decimal 222)
   defining Unicode char U+00DF (decimal 223)
   defining Unicode char U+00E0 (decimal 224)
   defining Unicode char U+00E1 (decimal 225)
   defining Unicode char U+00E2 (decimal 226)
   defining Unicode char U+00E3 (decimal 227)
   defining Unicode char U+00E4 (decimal 228)
   defining Unicode char U+00E5 (decimal 229)
   defining Unicode char U+00E6 (decimal 230)
   defining Unicode char U+00E7 (decimal 231)
   defining Unicode char U+00E8 (decimal 232)
   defining Unicode char U+00E9 (decimal 233)
   defining Unicode char U+00EA (decimal 234)
   defining Unicode char U+00EB (decimal 235)
   defining Unicode char U+00EC (decimal 236)
   defining Unicode char U+00ED (decimal 237)
   defining Unicode char U+00EE (decimal 238)
   defining Unicode char U+00EF (decimal 239)
   defining Unicode char U+00F0 (decimal 240)
   defining Unicode char U+00F1 (decimal 241)
   defining Unicode char U+00F2 (decimal 242)
   defining Unicode char U+00F3 (decimal 243)
   defining Unicode char U+00F4 (decimal 244)
   defining Unicode char U+00F5 (decimal 245)
   defining Unicode char U+00F6 (decimal 246)
   defining Unicode char U+00F8 (decimal 248)
   defining Unicode char U+00F9 (decimal 249)
   defining Unicode char U+00FA (decimal 250)
   defining Unicode char U+00FB (decimal 251)
   defining Unicode char U+00FC (decimal 252)
   defining Unicode char U+00FD (decimal 253)
   defining Unicode char U+00FE (decimal 254)
   defining Unicode char U+00FF (decimal 255)
   defining Unicode char U+0100 (decimal 256)
   defining Unicode char U+0101 (decimal 257)
   defining Unicode char U+0102 (decimal 258)
   defining Unicode char U+0103 (decimal 259)
   defining Unicode char U+0104 (decimal 260)
   defining Unicode char U+0105 (decimal 261)
   defining Unicode char U+0106 (decimal 262)
   defining Unicode char U+0107 (decimal 263)
   defining Unicode char U+0108 (decimal 264)
   defining Unicode char U+0109 (decimal 265)
   defining Unicode char U+010A (decimal 266)
   defining Unicode char U+010B (decimal 267)
   defining Unicode char U+010C (decimal 268)
   defining Unicode char U+010D (decimal 269)
   defining Unicode char U+010E (decimal 270)
   defining Unicode char U+010F (decimal 271)
   defining Unicode char U+0110 (decimal 272)
   defining Unicode char U+0111 (decimal 273)
   defining Unicode char U+0112 (decimal 274)
   defining Unicode char U+0113 (decimal 275)
   defining Unicode char U+0114 (decimal 276)
   defining Unicode char U+0115 (decimal 277)
   defining Unicode char U+0116 (decimal 278)
   defining Unicode char U+0117 (decimal 279)
   defining Unicode char U+0118 (decimal 280)
   defining Unicode char U+0119 (decimal 281)
   defining Unicode char U+011A (decimal 282)
   defining Unicode char U+011B (decimal 283)
   defining Unicode char U+011C (decimal 284)
   defining Unicode char U+011D (decimal 285)
   defining Unicode char U+011E (decimal 286)
   defining Unicode char U+011F (decimal 287)
   defining Unicode char U+0120 (decimal 288)
   defining Unicode char U+0121 (decimal 289)
   defining Unicode char U+0122 (decimal 290)
   defining Unicode char U+0123 (decimal 291)
   defining Unicode char U+0124 (decimal 292)
   defining Unicode char U+0125 (decimal 293)
   defining Unicode char U+0128 (decimal 296)
   defining Unicode char U+0129 (decimal 297)
   defining Unicode char U+012A (decimal 298)
   defining Unicode char U+012B (decimal 299)
   defining Unicode char U+012C (decimal 300)
   defining Unicode char U+012D (decimal 301)
   defining Unicode char U+012E (decimal 302)
   defining Unicode char U+012F (decimal 303)
   defining Unicode char U+0130 (decimal 304)
   defining Unicode char U+0131 (decimal 305)
   defining Unicode char U+0132 (decimal 306)
   defining Unicode char U+0133 (decimal 307)
   defining Unicode char U+0134 (decimal 308)
   defining Unicode char U+0135 (decimal 309)
   defining Unicode char U+0136 (decimal 310)
   defining Unicode char U+0137 (decimal 311)
   defining Unicode char U+0139 (decimal 313)
   defining Unicode char U+013A (decimal 314)
   defining Unicode char U+013B (decimal 315)
   defining Unicode char U+013C (decimal 316)
   defining Unicode char U+013D (decimal 317)
   defining Unicode char U+013E (decimal 318)
   defining Unicode char U+0141 (decimal 321)
   defining Unicode char U+0142 (decimal 322)
   defining Unicode char U+0143 (decimal 323)
   defining Unicode char U+0144 (decimal 324)
   defining Unicode char U+0145 (decimal 325)
   defining Unicode char U+0146 (decimal 326)
   defining Unicode char U+0147 (decimal 327)
   defining Unicode char U+0148 (decimal 328)
   defining Unicode char U+014A (decimal 330)
   defining Unicode char U+014B (decimal 331)
   defining Unicode char U+014C (decimal 332)
   defining Unicode char U+014D (decimal 333)
   defining Unicode char U+014E (decimal 334)
   defining Unicode char U+014F (decimal 335)
   defining Unicode char U+0150 (decimal 336)
   defining Unicode char U+0151 (decimal 337)
   defining Unicode char U+0152 (decimal 338)
   defining Unicode char U+0153 (decimal 339)
   defining Unicode char U+0154 (decimal 340)
   defining Unicode char U+0155 (decimal 341)
   defining Unicode char U+0156 (decimal 342)
   defining Unicode char U+0157 (decimal 343)
   defining Unicode char U+0158 (decimal 344)
   defining Unicode char U+0159 (decimal 345)
   defining Unicode char U+015A (decimal 346)
   defining Unicode char U+015B (decimal 347)
   defining Unicode char U+015C (decimal 348)
   defining Unicode char U+015D (decimal 349)
   defining Unicode char U+015E (decimal 350)
   defining Unicode char U+015F (decimal 351)
   defining Unicode char U+0160 (decimal 352)
   defining Unicode char U+0161 (decimal 353)
   defining Unicode char U+0162 (decimal 354)
   defining Unicode char U+0163 (decimal 355)
   defining Unicode char U+0164 (decimal 356)
   defining Unicode char U+0165 (decimal 357)
   defining Unicode char U+0168 (decimal 360)
   defining Unicode char U+0169 (decimal 361)
   defining Unicode char U+016A (decimal 362)
   defining Unicode char U+016B (decimal 363)
   defining Unicode char U+016C (decimal 364)
   defining Unicode char U+016D (decimal 365)
   defining Unicode char U+016E (decimal 366)
   defining Unicode char U+016F (decimal 367)
   defining Unicode char U+0170 (decimal 368)
   defining Unicode char U+0171 (decimal 369)
   defining Unicode char U+0172 (decimal 370)
   defining Unicode char U+0173 (decimal 371)
   defining Unicode char U+0174 (decimal 372)
   defining Unicode char U+0175 (decimal 373)
   defining Unicode char U+0176 (decimal 374)
   defining Unicode char U+0177 (decimal 375)
   defining Unicode char U+0178 (decimal 376)
   defining Unicode char U+0179 (decimal 377)
   defining Unicode char U+017A (decimal 378)
   defining Unicode char U+017B (decimal 379)
   defining Unicode char U+017C (decimal 380)
   defining Unicode char U+017D (decimal 381)
   defining Unicode char U+017E (decimal 382)
   defining Unicode char U+01CD (decimal 461)
   defining Unicode char U+01CE (decimal 462)
   defining Unicode char U+01CF (decimal 463)
   defining Unicode char U+01D0 (decimal 464)
   defining Unicode char U+01D1 (decimal 465)
   defining Unicode char U+01D2 (decimal 466)
   defining Unicode char U+01D3 (decimal 467)
   defining Unicode char U+01D4 (decimal 468)
   defining Unicode char U+01E2 (decimal 482)
   defining Unicode char U+01E3 (decimal 483)
   defining Unicode char U+01E6 (decimal 486)
   defining Unicode char U+01E7 (decimal 487)
   defining Unicode char U+01E8 (decimal 488)
   defining Unicode char U+01E9 (decimal 489)
   defining Unicode char U+01EA (decimal 490)
   defining Unicode char U+01EB (decimal 491)
   defining Unicode char U+01F0 (decimal 496)
   defining Unicode char U+01F4 (decimal 500)
   defining Unicode char U+01F5 (decimal 501)
   defining Unicode char U+0218 (decimal 536)
   defining Unicode char U+0219 (decimal 537)
   defining Unicode char U+021A (decimal 538)
   defining Unicode char U+021B (decimal 539)
   defining Unicode char U+01E02 (decimal 7682)
   defining Unicode char U+01E03 (decimal 7683)
   defining Unicode char U+200C (decimal 8204)
   defining Unicode char U+2013 (decimal 8211)
   defining Unicode char U+2014 (decimal 8212)
   defining Unicode char U+2018 (decimal 8216)
   defining Unicode char U+2019 (decimal 8217)
   defining Unicode char U+201A (decimal 8218)
   defining Unicode char U+201C (decimal 8220)
   defining Unicode char U+201D (decimal 8221)
   defining Unicode char U+201E (decimal 8222)
   defining Unicode char U+2030 (decimal 8240)
   defining Unicode char U+2031 (decimal 8241)
   defining Unicode char U+2039 (decimal 8249)
   defining Unicode char U+203A (decimal 8250)
   defining Unicode char U+2423 (decimal 9251)
)
Now handling font encoding OT1 ...
... processing UTF-8 mapping file for font encoding OT1

(/usr/share/texlive/texmf-dist/tex/latex/base/ot1enc.dfu
File: ot1enc.dfu 2015/12/03 v1.1r UTF-8 support for inputenc
   defining Unicode char U+00A0 (decimal 160)
   defining Unicode char U+00A1 (decimal 161)
   defining Unicode char U+00A3 (decimal 163)
   defining Unicode char U+00AD (decimal 173)
   defining Unicode char U+00B8 (decimal 184)
   defining Unicode char U+00BF (decimal 191)
   defining Unicode char U+00C5 (decimal 197)
   defining Unicode char U+00C6 (decimal 198)
   defining Unicode char U+00D8 (decimal 216)
   defining Unicode char U+00DF (decimal 223)
   defining Unicode char U+00E6 (decimal 230)
   defining Unicode char U+00EC (decimal 236)
   defining Unicode char U+00ED (decimal 237)
   defining Unicode char U+00EE (decimal 238)
   defining Unicode char U+00EF (decimal 239)
   defining Unicode char U+00F8 (decimal 248)
   defining Unicode char U+0131 (decimal 305)
   defining Unicode char U+0141 (decimal 321)
   defining Unicode char U+0142 (decimal 322)
   defining Unicode char U+0152 (decimal 338)
   defining Unicode char U+0153 (decimal 339)
   defining Unicode char U+0174 (decimal 372)
   defining Unicode char U+0175 (decimal 373)
   defining Unicode char U+0176 (decimal 374)
   defining Unicode char U+0177 (decimal 375)
   defining Unicode char U+0218 (decimal 536)
   defining Unicode char U+0219 (decimal 537)
   defining Unicode char U+021A (decimal 538)
   defining Unicode char U+021B (decimal 539)
   defining Unicode char U+2013 (decimal 8211)
   defining Unicode char U+2014 (decimal 8212)
   defining Unicode char U+2018 (decimal 8216)
   defining Unicode char U+2019 (decimal 8217)
   defining Unicode char U+201C (decimal 8220)
   defining Unicode char U+201D (decimal 8221)
)
Now handling font encoding OMS ...
... processing UTF-8 mapping file for font encoding OMS

(/usr/share/texlive/texmf-dist/tex/latex/base/omsenc.dfu
File: omsenc.dfu 2015/12/03 v1.1r UTF-8 support for inputenc
   defining Unicode char U+00A7 (decimal 167)
   defining Unicode char U+00B6 (decimal 182)
   defining Unicode char U+00B7 (decimal 183)
   defining Unicode char U+2020 (decimal 8224)
   defining Unicode char U+2021 (decimal 8225)
   defining Unicode char U+2022 (decimal 8226)
)
Now handling font encoding OMX ...
... no UTF-8 mapping file for font encoding OMX
Now handling font encoding U ...
... no UTF-8 mapping file for font encoding U
   defining Unicode char U+00A9 (decimal 169)
   defining Unicode char U+00AA (decimal 170)
   defining Unicode char U+00AE (decimal 174)
   defining Unicode char U+00BA (decimal 186)
   defining Unicode char U+02C6 (decimal 710)
   defining Unicode char U+02DC (decimal 732)
   defining Unicode char U+200C (decimal 8204)
   defining Unicode char U+2026 (decimal 8230)
   defining Unicode char U+2122 (decimal 8482)
   defining Unicode char U+2423 (decimal 9251)
))
(/usr/share/texlive/texmf-dist/tex/latex/amsmath/amsmath.sty
Package: amsmath 2016/03/03 v2.15a AMS math features
\@mathmargin=\skip43

For additional information on amsmath, use the `?' option.
(/usr/share/texlive/texmf-dist/tex/latex/amsmath/amstext.sty
Package: amstext 2000/06/29 v2.01 AMS text

(/usr/share/texlive/texmf-dist/tex/latex/amsmath/amsgen.sty
File: amsgen.sty 1999/11/30 v2.0 generic functions
\@emptytoks=\toks16
\ex@=\dimen103
))
(/usr/share/texlive/texmf-dist/tex/latex/amsmath/amsbsy.sty
Package: amsbsy 1999/11/29 v1.2d Bold Symbols
\pmbraise@=\dimen104
)
(/usr/share/texlive/texmf-dist/tex/latex/amsmath/amsopn.sty
Package: amsopn 1999/12/14 v2.01 operator names
)
\inf@bad=\count87
LaTeX Info: Redefining \frac on input line 199.
\uproot@=\count88
\leftroot@=\count89
LaTeX Info: Redefining \overline on input line 297.
\classnum@=\count90
\DOTSCASE@=\count91
LaTeX Info: Redefining \ldots on input line 394.
LaTeX Info: Redefining \dots on input line 397.
LaTeX Info: Redefining \cdots on input line 518.
\Mathstrutbox@=\box26
\strutbox@=\box27
\big@size=\dimen105
LaTeX Font Info:    Redeclaring font encoding OML on input line 630.
LaTeX Font Info:    Redeclaring font encoding OMS on input line 631.
\macc@depth=\count92
\c@MaxMatrixCols=\count93
\dotsspace@=\muskip10
\c@parentequation=\count94
\dspbrk@lvl=\count95
\tag@help=\toks17
\row@=\count96
\column@=\count97
\maxfields@=\count98
\andhelp@=\toks18
\eqnshift@=\dimen106
\alignsep@=\dimen107
\tagshift@=\dimen108
\tagwidth@=\dimen109
\totwidth@=\dimen110
\lineht@=\dimen111
\@envbody=\toks19
\multlinegap=\skip44
\multlinetaggap=\skip45
\mathdisplay@stack=\toks20
LaTeX Info: Redefining \[ on input line 2735.
LaTeX Info: Redefining \] on input line 2736.
)
(/usr/share/texlive/texmf-dist/tex/latex/natbib/natbib.sty
Package: natbib 2010/09/13 8.31b (PWD, AO)
\bibhang=\skip46
\bibsep=\skip47
LaTeX Info: Redefining \cite on input line 694.
\c@NAT@ctr=\count99
)
(/usr/share/texlive/texmf-dist/tex/latex/graphics/graphicx.sty
Package: graphicx 2014/10/28 v1.0g Enhanced LaTeX Graphics (DPC,SPQR)

(/usr/share/texlive/texmf-dist/tex/latex/graphics/keyval.sty
Package: keyval 2014/10/28 v1.15 key=value parser (DPC)
\KV@toks@=\toks21
)
(/usr/share/texlive/texmf-dist/tex/latex/graphics/graphics.sty
Package: graphics 2016/01/03 v1.0q Standard LaTeX Graphics (DPC,SPQR)

(/usr/share/texlive/texmf-dist/tex/latex/graphics/trig.sty
Package: trig 2016/01/03 v1.10 sin cos tan (DPC)
)
(/usr/share/texlive/texmf-dist/tex/latex/latexconfig/graphics.cfg
File: graphics.cfg 2010/04/23 v1.9 graphics configuration of TeX Live
)
Package graphics Info: Driver file: pdftex.def on input line 95.

(/usr/share/texlive/texmf-dist/tex/latex/pdftex-def/pdftex.def
File: pdftex.def 2011/05/27 v0.06d Graphics/color for pdfTeX

(/usr/share/texlive/texmf-dist/tex/generic/oberdiek/infwarerr.sty
Package: infwarerr 2010/04/08 v1.3 Providing info/warning/error messages (HO)
)
(/usr/share/texlive/texmf-dist/tex/generic/oberdiek/ltxcmds.sty
Package: ltxcmds 2011/11/09 v1.22 LaTeX kernel commands for general use (HO)
)
\Gread@gobject=\count100
))
\Gin@req@height=\dimen112
\Gin@req@width=\dimen113
)
(/usr/share/texlive/texmf-dist/tex/generic/babel/babel.sty
Package: babel 2016/02/24 3.9q The Babel package

(/usr/share/texlive/texmf-dist/tex/generic/babel-spanish/spanish.ldf
Language: spanish.ldf 2016/01/15 v5.0o Spanish support from the babel system

(/usr/share/texlive/texmf-dist/tex/generic/babel/babel.def
File: babel.def 2016/02/24 3.9q Babel common definitions
\babel@savecnt=\count101
\U@D=\dimen114
)
\es@quottoks=\toks22
\es@quotdepth=\count102
Package babel Info: Making " an active character on input line 533.
)
(/usr/share/texlive/texmf-dist/tex/generic/babel-english/english.ldf
Language: english 2012/08/20 v3.3p English support from the babel system
\l@canadian = a dialect from \language\l@american 
\l@australian = a dialect from \language\l@british 
\l@newzealand = a dialect from \language\l@british 
))
(/usr/share/texlive/texmf-dist/tex/latex/geometry/geometry.sty
Package: geometry 2010/09/12 v5.6 Page Geometry

(/usr/share/texlive/texmf-dist/tex/generic/oberdiek/ifpdf.sty
Package: ifpdf 2011/01/30 v2.3 Provides the ifpdf switch (HO)
Package ifpdf Info: pdfTeX in PDF mode is detected.
)
(/usr/share/texlive/texmf-dist/tex/generic/oberdiek/ifvtex.sty
Package: ifvtex 2010/03/01 v1.5 Detect VTeX and its facilities (HO)
Package ifvtex Info: VTeX not detected.
)
(/usr/share/texlive/texmf-dist/tex/generic/ifxetex/ifxetex.sty
Package: ifxetex 2010/09/12 v0.6 Provides ifxetex conditional
)
\Gm@cnth=\count103
\Gm@cntv=\count104
\c@Gm@tempcnt=\count105
\Gm@bindingoffset=\dimen115
\Gm@wd@mp=\dimen116
\Gm@odd@mp=\dimen117
\Gm@even@mp=\dimen118
\Gm@layoutwidth=\dimen119
\Gm@layoutheight=\dimen120
\Gm@layouthoffset=\dimen121
\Gm@layoutvoffset=\dimen122
\Gm@dimlist=\toks23
)
(/usr/share/texlive/texmf-dist/tex/latex/lipsum/lipsum.sty
Package: lipsum 2014/07/27 v1.3 150 paragraphs of Lorem Ipsum dummy text
\c@lips@count=\count106
)
(/usr/share/texlive/texmf-dist/tex/latex/tools/longtable.sty
Package: longtable 2014/10/28 v4.11 Multi-page Table package (DPC)
\LTleft=\skip48
\LTright=\skip49
\LTpre=\skip50
\LTpost=\skip51
\LTchunksize=\count107
\LTcapwidth=\dimen123
\LT@head=\box28
\LT@firsthead=\box29
\LT@foot=\box30
\LT@lastfoot=\box31
\LT@cols=\count108
\LT@rows=\count109
\c@LT@tables=\count110
\c@LT@chunks=\count111
\LT@p@ftn=\toks24
)
(./pne-smc-splus.aux)
\openout1 = `pne-smc-splus.aux'.

LaTeX Font Info:    Checking defaults for OML/cmm/m/it on input line 42.
LaTeX Font Info:    ... okay on input line 42.
LaTeX Font Info:    Checking defaults for T1/cmr/m/n on input line 42.
LaTeX Font Info:    ... okay on input line 42.
LaTeX Font Info:    Checking defaults for OT1/cmr/m/n on input line 42.
LaTeX Font Info:    ... okay on input line 42.
LaTeX Font Info:    Checking defaults for OMS/cmsy/m/n on input line 42.
LaTeX Font Info:    ... okay on input line 42.
LaTeX Font Info:    Checking defaults for OMX/cmex/m/n on input line 42.
LaTeX Font Info:    ... okay on input line 42.
LaTeX Font Info:    Checking defaults for U/cmr/m/n on input line 42.
LaTeX Font Info:    ... okay on input line 42.

(/usr/share/texlive/texmf-dist/tex/context/base/supp-pdf.mkii
[Loading MPS to PDF converter (version 2006.09.02).]
\scratchcounter=\count112
\scratchdimen=\dimen124
\scratchbox=\box32
\nofMPsegments=\count113
\nofMParguments=\count114
\everyMPshowfont=\toks25
\MPscratchCnt=\count115
\MPscratchDim=\dimen125
\MPnumerator=\count116
\makeMPintoPDFobject=\count117
\everyMPtoPDFconversion=\toks26
) (/usr/share/texlive/texmf-dist/tex/generic/oberdiek/pdftexcmds.sty
Package: pdftexcmds 2011/11/29 v0.20 Utility functions of pdfTeX for LuaTeX (HO
)

(/usr/share/texlive/texmf-dist/tex/generic/oberdiek/ifluatex.sty
Package: ifluatex 2010/03/01 v1.3 Provides the ifluatex switch (HO)
Package ifluatex Info: LuaTeX not detected.
)
Package pdftexcmds Info: LuaTeX not detected.
Package pdftexcmds Info: \pdf@primitive is available.
Package pdftexcmds Info: \pdf@ifprimitive is available.
Package pdftexcmds Info: \pdfdraftmode found.
)
(/usr/share/texlive/texmf-dist/tex/latex/oberdiek/epstopdf-base.sty
Package: epstopdf-base 2010/02/09 v2.5 Base part for package epstopdf

(/usr/share/texlive/texmf-dist/tex/latex/oberdiek/grfext.sty
Package: grfext 2010/08/19 v1.1 Manage graphics extensions (HO)

(/usr/share/texlive/texmf-dist/tex/generic/oberdiek/kvdefinekeys.sty
Package: kvdefinekeys 2011/04/07 v1.3 Define keys (HO)
))
(/usr/share/texlive/texmf-dist/tex/latex/oberdiek/kvoptions.sty
Package: kvoptions 2011/06/30 v3.11 Key value format for package options (HO)

(/usr/share/texlive/texmf-dist/tex/generic/oberdiek/kvsetkeys.sty
Package: kvsetkeys 2012/04/25 v1.16 Key value parser (HO)

(/usr/share/texlive/texmf-dist/tex/generic/oberdiek/etexcmds.sty
Package: etexcmds 2011/02/16 v1.5 Avoid name clashes with e-TeX commands (HO)
Package etexcmds Info: Could not find \expanded.
(etexcmds)             That can mean that you are not using pdfTeX 1.50 or
(etexcmds)             that some package has redefined \expanded.
(etexcmds)             In the latter case, load this package earlier.
)))
Package grfext Info: Graphics extension search list:
(grfext)             [.png,.pdf,.jpg,.mps,.jpeg,.jbig2,.jb2,.PNG,.PDF,.JPG,.JPE
G,.JBIG2,.JB2,.eps]
(grfext)             \AppendGraphicsExtensions on input line 452.

(/usr/share/texlive/texmf-dist/tex/latex/latexconfig/epstopdf-sys.cfg
File: epstopdf-sys.cfg 2010/07/13 v1.3 Configuration of (r)epstopdf for TeX Liv
e
))
*geometry* driver: auto-detecting
*geometry* detected driver: pdftex
*geometry* verbose mode - [ preamble ] result:
* driver: pdftex
* paper: <default>
* layout: <same size as paper>
* layoutoffset:(h,v)=(0.0pt,0.0pt)
* modes: 
* h-part:(L,W,R)=(72.26999pt, 469.75502pt, 72.26999pt)
* v-part:(T,H,B)=(50.58878pt, 693.79243pt, 50.58878pt)
* \paperwidth=614.295pt
* \paperheight=794.96999pt
* \textwidth=469.75502pt
* \textheight=693.79243pt
* \oddsidemargin=0.0pt
* \evensidemargin=0.0pt
* \topmargin=-58.68121pt
* \headheight=12.0pt
* \headsep=25.0pt
* \topskip=11.0pt
* \footskip=30.0pt
* \marginparwidth=59.0pt
* \marginparsep=10.0pt
* \columnsep=10.0pt
* \skip\footins=10.0pt plus 4.0pt minus 2.0pt
* \hoffset=0.0pt
* \voffset=0.0pt
* \mag=1000
* \@twocolumnfalse
* \@twosidefalse
* \@mparswitchfalse
* \@reversemarginfalse
* (1in=72.27pt=25.4mm, 1cm=28.453pt)


LaTeX Warning: No \author given.


<../../../../../home/angel/Dropbox/JPAS/Tesis/Fig/DdDm-1-HPNe-SPLUS18-magnitude
-paper.pdf, id=1, 1141.86598pt x 708.24597pt>
File: ../../../../../home/angel/Dropbox/JPAS/Tesis/Fig/DdDm-1-HPNe-SPLUS18-magn
itude-paper.pdf Graphic file (type pdf)

<use ../../../../../home/angel/Dropbox/JPAS/Tesis/Fig/DdDm-1-HPNe-SPLUS18-magni
tude-paper.pdf>
Package pdftex.def Info: ../../../../../home/angel/Dropbox/JPAS/Tesis/Fig/DdDm-
1-HPNe-SPLUS18-magnitude-paper.pdf used on input line 51.
(pdftex.def)             Requested size: 244.27461pt x 148.52965pt.

<../../../../../home/angel/Dropbox/JPAS/Tesis/Fig/DdDm1_L4_T200_output_SED-tere
_E02_600-JPLUS17-magnitude-paper.pdf, id=3, 1243.04402pt x 809.42403pt>
File: ../../../../../home/angel/Dropbox/JPAS/Tesis/Fig/DdDm1_L4_T200_output_SED
-tere_E02_600-JPLUS17-magnitude-paper.pdf Graphic file (type pdf)

<use ../../../../../home/angel/Dropbox/JPAS/Tesis/Fig/DdDm1_L4_T200_output_SED-
tere_E02_600-JPLUS17-magnitude-paper.pdf>
Package pdftex.def Info: ../../../../../home/angel/Dropbox/JPAS/Tesis/Fig/DdDm1
_L4_T200_output_SED-tere_E02_600-JPLUS17-magnitude-paper.pdf used on input line
 52.
(pdftex.def)             Requested size: 234.8775pt x 149.78967pt.

Overfull \hbox (25.0471pt too wide) in paragraph at lines 50--54
 [][] 
 []


<../../../../../home/angel/Dropbox/JPAS/Tesis/Fig/Fig1-JPLUS17-Viironen.pdf, id
=5, 505.89pt x 433.62pt>
File: ../../../../../home/angel/Dropbox/JPAS/Tesis/Fig/Fig1-JPLUS17-Viironen.pd
f Graphic file (type pdf)

<use ../../../../../home/angel/Dropbox/JPAS/Tesis/Fig/Fig1-JPLUS17-Viironen.pdf
>
Package pdftex.def Info: ../../../../../home/angel/Dropbox/JPAS/Tesis/Fig/Fig1-
JPLUS17-Viironen.pdf used on input line 60.
(pdftex.def)             Requested size: 234.8775pt x 199.93173pt.

<../../../../../home/angel/Dropbox/JPAS/Tesis/Fig/Fig2-JPLUS17-J0515-J0660.pdf,
 id=7, 505.89pt x 433.62pt>
File: ../../../../../home/angel/Dropbox/JPAS/Tesis/Fig/Fig2-JPLUS17-J0515-J0660
.pdf Graphic file (type pdf)

<use ../../../../../home/angel/Dropbox/JPAS/Tesis/Fig/Fig2-JPLUS17-J0515-J0660.
pdf>
Package pdftex.def Info: ../../../../../home/angel/Dropbox/JPAS/Tesis/Fig/Fig2-
JPLUS17-J0515-J0660.pdf used on input line 61.
(pdftex.def)             Requested size: 234.8775pt x 199.93173pt.

<../../../../../home/angel/Dropbox/JPAS/Tesis/Fig/Fig5-JPLUS17-J0660-r.pdf, id=
9, 505.89pt x 433.62pt>
File: ../../../../../home/angel/Dropbox/JPAS/Tesis/Fig/Fig5-JPLUS17-J0660-r.pdf
 Graphic file (type pdf)

<use ../../../../../home/angel/Dropbox/JPAS/Tesis/Fig/Fig5-JPLUS17-J0660-r.pdf>
Package pdftex.def Info: ../../../../../home/angel/Dropbox/JPAS/Tesis/Fig/Fig5-
JPLUS17-J0660-r.pdf used on input line 61.
(pdftex.def)             Requested size: 234.8775pt x 199.93173pt.

<../../../../../home/angel/Dropbox/JPAS/Tesis/Fig/Fig3-JPLUS17-z-g.pdf, id=11, 
505.89pt x 433.62pt>
File: ../../../../../home/angel/Dropbox/JPAS/Tesis/Fig/Fig3-JPLUS17-z-g.pdf Gra
phic file (type pdf)

<use ../../../../../home/angel/Dropbox/JPAS/Tesis/Fig/Fig3-JPLUS17-z-g.pdf>
Package pdftex.def Info: ../../../../../home/angel/Dropbox/JPAS/Tesis/Fig/Fig3-
JPLUS17-z-g.pdf used on input line 63.
(pdftex.def)             Requested size: 234.8775pt x 199.93173pt.

<../../../../../home/angel/Dropbox/JPAS/Tesis/Fig/Fig6-JPLUS17-g-i.pdf, id=13, 
505.89pt x 433.62pt>
File: ../../../../../home/angel/Dropbox/JPAS/Tesis/Fig/Fig6-JPLUS17-g-i.pdf Gra
phic file (type pdf)

<use ../../../../../home/angel/Dropbox/JPAS/Tesis/Fig/Fig6-JPLUS17-g-i.pdf>
Package pdftex.def Info: ../../../../../home/angel/Dropbox/JPAS/Tesis/Fig/Fig6-
JPLUS17-g-i.pdf used on input line 63.
(pdftex.def)             Requested size: 234.8775pt x 199.93173pt.

Overfull \hbox (24.00002pt too wide) in paragraph at lines 59--67
 [][] 
 []

<Fig1-IDR2-SPLUS-vironen.pdf, id=15, 505.89pt x 433.62pt>
File: Fig1-IDR2-SPLUS-vironen.pdf Graphic file (type pdf)

<use Fig1-IDR2-SPLUS-vironen.pdf>
Package pdftex.def Info: Fig1-IDR2-SPLUS-vironen.pdf used on input line 73.
(pdftex.def)             Requested size: 234.8775pt x 199.93173pt.

<Fig2-IDR2-SPLUS-J0515_J0660.pdf, id=17, 505.89pt x 433.62pt>
File: Fig2-IDR2-SPLUS-J0515_J0660.pdf Graphic file (type pdf)

<use Fig2-IDR2-SPLUS-J0515_J0660.pdf>
Package pdftex.def Info: Fig2-IDR2-SPLUS-J0515_J0660.pdf used on input line 74.

(pdftex.def)             Requested size: 234.8775pt x 199.93173pt.

<Fig4-IDR2-SPLUS-g.pdf, id=19, 505.89pt x 433.62pt>
File: Fig4-IDR2-SPLUS-g.pdf Graphic file (type pdf)

<use Fig4-IDR2-SPLUS-g.pdf>
Package pdftex.def Info: Fig4-IDR2-SPLUS-g.pdf used on input line 74.
(pdftex.def)             Requested size: 234.8775pt x 199.93173pt.

<Fig3-IDR2-SPLUS-z.pdf, id=21, 505.89pt x 433.62pt>
File: Fig3-IDR2-SPLUS-z.pdf Graphic file (type pdf)

<use Fig3-IDR2-SPLUS-z.pdf>
Package pdftex.def Info: Fig3-IDR2-SPLUS-z.pdf used on input line 76.
(pdftex.def)             Requested size: 234.8775pt x 199.93173pt.

<Fig5-IDR2-SPLUS-gi.pdf, id=23, 505.89pt x 433.62pt>
File: Fig5-IDR2-SPLUS-gi.pdf Graphic file (type pdf)

<use Fig5-IDR2-SPLUS-gi.pdf>
Package pdftex.def Info: Fig5-IDR2-SPLUS-gi.pdf used on input line 76.
(pdftex.def)             Requested size: 234.8775pt x 199.93173pt.

Overfull \hbox (24.00002pt too wide) in paragraph at lines 72--79
 [][] 
 []


Underfull \hbox (badness 10000) in paragraph at lines 83--84

 []

[1

{/var/lib/texmf/fonts/map/pdftex/updmap/pdftex.map} <../../../../../home/angel/
Dropbox/JPAS/Tesis/Fig/DdDm-1-HPNe-SPLUS18-magnitude-paper.pdf> <../../../../..
/home/angel/Dropbox/JPAS/Tesis/Fig/DdDm1_L4_T200_output_SED-tere_E02_600-JPLUS1
7-magnitude-paper.pdf>] [2 <../../../../../home/angel/Dropbox/JPAS/Tesis/Fig/Fi
g1-JPLUS17-Viironen.pdf> <../../../../../home/angel/Dropbox/JPAS/Tesis/Fig/Fig2
-JPLUS17-J0515-J0660.pdf> <../../../../../home/angel/Dropbox/JPAS/Tesis/Fig/Fig
5-JPLUS17-J0660-r.pdf> <../../../../../home/angel/Dropbox/JPAS/Tesis/Fig/Fig3-J
PLUS17-z-g.pdf> <../../../../../home/angel/Dropbox/JPAS/Tesis/Fig/Fig6-JPLUS17-
g-i.pdf>] [3 <./Fig1-IDR2-SPLUS-vironen.pdf> <./Fig2-IDR2-SPLUS-J0515_J0660.pdf
> <./Fig4-IDR2-SPLUS-g.pdf> <./Fig3-IDR2-SPLUS-z.pdf> <./Fig5-IDR2-SPLUS-gi.pdf
>] (./table-figs.tex
<photopectrum_splus_MC0072-006125_aper.pdf, id=639, 1120.185pt x 686.565pt>
File: photopectrum_splus_MC0072-006125_aper.pdf Graphic file (type pdf)

<use photopectrum_splus_MC0072-006125_aper.pdf>
Package pdftex.def Info: photopectrum_splus_MC0072-006125_aper.pdf used on inpu
t line 4.
(pdftex.def)             Requested size: 140.92793pt x 86.37564pt.

<photopectrum_splus_MC0072-006125_auto.pdf, id=641, 1120.185pt x 686.565pt>
File: photopectrum_splus_MC0072-006125_auto.pdf Graphic file (type pdf)

<use photopectrum_splus_MC0072-006125_auto.pdf>
Package pdftex.def Info: photopectrum_splus_MC0072-006125_auto.pdf used on inpu
t line 4.
(pdftex.def)             Requested size: 140.92793pt x 86.37564pt.

<photopectrum_splus_MC0072-006125_petro.pdf, id=643, 1120.185pt x 686.565pt>
File: photopectrum_splus_MC0072-006125_petro.pdf Graphic file (type pdf)

<use photopectrum_splus_MC0072-006125_petro.pdf>
Package pdftex.def Info: photopectrum_splus_MC0072-006125_petro.pdf used on inp
ut line 4.
(pdftex.def)             Requested size: 140.92793pt x 86.37564pt.

<photopectrum_splus_MC0072-044863_aper.pdf, id=645, 1120.185pt x 686.565pt>
File: photopectrum_splus_MC0072-044863_aper.pdf Graphic file (type pdf)

<use photopectrum_splus_MC0072-044863_aper.pdf>
Package pdftex.def Info: photopectrum_splus_MC0072-044863_aper.pdf used on inpu
t line 5.
(pdftex.def)             Requested size: 140.92793pt x 86.37564pt.

<photopectrum_splus_MC0072-044863_auto.pdf, id=647, 1120.185pt x 686.565pt>
File: photopectrum_splus_MC0072-044863_auto.pdf Graphic file (type pdf)

<use photopectrum_splus_MC0072-044863_auto.pdf>
Package pdftex.def Info: photopectrum_splus_MC0072-044863_auto.pdf used on inpu
t line 5.
(pdftex.def)             Requested size: 140.92793pt x 86.37564pt.

<photopectrum_splus_MC0072-044863_petro.pdf, id=649, 1120.185pt x 686.565pt>
File: photopectrum_splus_MC0072-044863_petro.pdf Graphic file (type pdf)

<use photopectrum_splus_MC0072-044863_petro.pdf>
Package pdftex.def Info: photopectrum_splus_MC0072-044863_petro.pdf used on inp
ut line 5.
(pdftex.def)             Requested size: 140.92793pt x 86.37564pt.

<photopectrum_splus_MC0093-051819_aper.pdf, id=651, 1120.185pt x 686.565pt>
File: photopectrum_splus_MC0093-051819_aper.pdf Graphic file (type pdf)

<use photopectrum_splus_MC0093-051819_aper.pdf>
Package pdftex.def Info: photopectrum_splus_MC0093-051819_aper.pdf used on inpu
t line 6.
(pdftex.def)             Requested size: 140.92793pt x 86.37564pt.

<photopectrum_splus_MC0093-051819_auto.pdf, id=653, 1120.185pt x 686.565pt>
File: photopectrum_splus_MC0093-051819_auto.pdf Graphic file (type pdf)

<use photopectrum_splus_MC0093-051819_auto.pdf>
Package pdftex.def Info: photopectrum_splus_MC0093-051819_auto.pdf used on inpu
t line 6.
(pdftex.def)             Requested size: 140.92793pt x 86.37564pt.

<photopectrum_splus_MC0093-051819_petro.pdf, id=655, 1120.185pt x 686.565pt>
File: photopectrum_splus_MC0093-051819_petro.pdf Graphic file (type pdf)

<use photopectrum_splus_MC0093-051819_petro.pdf>
Package pdftex.def Info: photopectrum_splus_MC0093-051819_petro.pdf used on inp
ut line 6.
(pdftex.def)             Requested size: 140.92793pt x 86.37564pt.

<photopectrum_splus_MC0093-085620_aper.pdf, id=657, 1120.185pt x 686.565pt>
File: photopectrum_splus_MC0093-085620_aper.pdf Graphic file (type pdf)

<use photopectrum_splus_MC0093-085620_aper.pdf>
Package pdftex.def Info: photopectrum_splus_MC0093-085620_aper.pdf used on inpu
t line 7.
(pdftex.def)             Requested size: 140.92793pt x 86.37564pt.

<photopectrum_splus_MC0093-085620_auto.pdf, id=659, 1120.185pt x 686.565pt>
File: photopectrum_splus_MC0093-085620_auto.pdf Graphic file (type pdf)

<use photopectrum_splus_MC0093-085620_auto.pdf>
Package pdftex.def Info: photopectrum_splus_MC0093-085620_auto.pdf used on inpu
t line 7.
(pdftex.def)             Requested size: 140.92793pt x 86.37564pt.

<photopectrum_splus_MC0093-085620_petro.pdf, id=661, 1120.185pt x 686.565pt>
File: photopectrum_splus_MC0093-085620_petro.pdf Graphic file (type pdf)

<use photopectrum_splus_MC0093-085620_petro.pdf>
Package pdftex.def Info: photopectrum_splus_MC0093-085620_petro.pdf used on inp
ut line 7.
(pdftex.def)             Requested size: 140.92793pt x 86.37564pt.

<photopectrum_splus_MC0093-295870_aper.pdf, id=663, 1120.185pt x 686.565pt>
File: photopectrum_splus_MC0093-295870_aper.pdf Graphic file (type pdf)

<use photopectrum_splus_MC0093-295870_aper.pdf>
Package pdftex.def Info: photopectrum_splus_MC0093-295870_aper.pdf used on inpu
t line 8.
(pdftex.def)             Requested size: 140.92793pt x 86.37564pt.

<photopectrum_splus_MC0093-295870_auto.pdf, id=665, 1120.185pt x 686.565pt>
File: photopectrum_splus_MC0093-295870_auto.pdf Graphic file (type pdf)

<use photopectrum_splus_MC0093-295870_auto.pdf>
Package pdftex.def Info: photopectrum_splus_MC0093-295870_auto.pdf used on inpu
t line 8.
(pdftex.def)             Requested size: 140.92793pt x 86.37564pt.

<photopectrum_splus_MC0093-295870_petro.pdf, id=667, 1120.185pt x 686.565pt>
File: photopectrum_splus_MC0093-295870_petro.pdf Graphic file (type pdf)

<use photopectrum_splus_MC0093-295870_petro.pdf>
Package pdftex.def Info: photopectrum_splus_MC0093-295870_petro.pdf used on inp
ut line 8.
(pdftex.def)             Requested size: 140.92793pt x 86.37564pt.

<photopectrum_splus_MC0094-194143_aper.pdf, id=669, 1120.185pt x 686.565pt>
File: photopectrum_splus_MC0094-194143_aper.pdf Graphic file (type pdf)

<use photopectrum_splus_MC0094-194143_aper.pdf>
Package pdftex.def Info: photopectrum_splus_MC0094-194143_aper.pdf used on inpu
t line 9.
(pdftex.def)             Requested size: 140.92793pt x 86.37564pt.

<photopectrum_splus_MC0094-194143_auto.pdf, id=671, 1120.185pt x 686.565pt>
File: photopectrum_splus_MC0094-194143_auto.pdf Graphic file (type pdf)

<use photopectrum_splus_MC0094-194143_auto.pdf>
Package pdftex.def Info: photopectrum_splus_MC0094-194143_auto.pdf used on inpu
t line 9.
(pdftex.def)             Requested size: 140.92793pt x 86.37564pt.

<photopectrum_splus_MC0094-194143_petro.pdf, id=673, 1120.185pt x 686.565pt>
File: photopectrum_splus_MC0094-194143_petro.pdf Graphic file (type pdf)

<use photopectrum_splus_MC0094-194143_petro.pdf>
Package pdftex.def Info: photopectrum_splus_MC0094-194143_petro.pdf used on inp
ut line 9.
(pdftex.def)             Requested size: 140.92793pt x 86.37564pt.

<photopectrum_splus_MC0113-084466_aper.pdf, id=675, 1120.185pt x 686.565pt>
File: photopectrum_splus_MC0113-084466_aper.pdf Graphic file (type pdf)

<use photopectrum_splus_MC0113-084466_aper.pdf>
Package pdftex.def Info: photopectrum_splus_MC0113-084466_aper.pdf used on inpu
t line 10.
(pdftex.def)             Requested size: 140.92793pt x 86.37564pt.

<photopectrum_splus_MC0113-084466_auto.pdf, id=677, 1120.185pt x 686.565pt>
File: photopectrum_splus_MC0113-084466_auto.pdf Graphic file (type pdf)

<use photopectrum_splus_MC0113-084466_auto.pdf>
Package pdftex.def Info: photopectrum_splus_MC0113-084466_auto.pdf used on inpu
t line 10.
(pdftex.def)             Requested size: 140.92793pt x 86.37564pt.

<photopectrum_splus_MC0113-084466_petro.pdf, id=679, 1120.185pt x 686.565pt>
File: photopectrum_splus_MC0113-084466_petro.pdf Graphic file (type pdf)

<use photopectrum_splus_MC0113-084466_petro.pdf>
Package pdftex.def Info: photopectrum_splus_MC0113-084466_petro.pdf used on inp
ut line 10.
(pdftex.def)             Requested size: 140.92793pt x 86.37564pt.

<photopectrum_splus_MC0114-113862_aper.pdf, id=681, 1120.185pt x 686.565pt>
File: photopectrum_splus_MC0114-113862_aper.pdf Graphic file (type pdf)

<use photopectrum_splus_MC0114-113862_aper.pdf>
Package pdftex.def Info: photopectrum_splus_MC0114-113862_aper.pdf used on inpu
t line 11.
(pdftex.def)             Requested size: 140.92793pt x 86.37564pt.

<photopectrum_splus_MC0114-113862_auto.pdf, id=683, 1120.185pt x 686.565pt>
File: photopectrum_splus_MC0114-113862_auto.pdf Graphic file (type pdf)

<use photopectrum_splus_MC0114-113862_auto.pdf>
Package pdftex.def Info: photopectrum_splus_MC0114-113862_auto.pdf used on inpu
t line 11.
(pdftex.def)             Requested size: 140.92793pt x 86.37564pt.

<photopectrum_splus_MC0114-113862_petro.pdf, id=685, 1120.185pt x 686.565pt>
File: photopectrum_splus_MC0114-113862_petro.pdf Graphic file (type pdf)

<use photopectrum_splus_MC0114-113862_petro.pdf>
Package pdftex.def Info: photopectrum_splus_MC0114-113862_petro.pdf used on inp
ut line 11.
(pdftex.def)             Requested size: 140.92793pt x 86.37564pt.

<photopectrum_splus_MC0114-273678_aper.pdf, id=687, 1120.185pt x 686.565pt>
File: photopectrum_splus_MC0114-273678_aper.pdf Graphic file (type pdf)

<use photopectrum_splus_MC0114-273678_aper.pdf>
Package pdftex.def Info: photopectrum_splus_MC0114-273678_aper.pdf used on inpu
t line 12.
(pdftex.def)             Requested size: 140.92793pt x 86.37564pt.

<photopectrum_splus_MC0114-273678_auto.pdf, id=689, 1120.185pt x 686.565pt>
File: photopectrum_splus_MC0114-273678_auto.pdf Graphic file (type pdf)

<use photopectrum_splus_MC0114-273678_auto.pdf>
Package pdftex.def Info: photopectrum_splus_MC0114-273678_auto.pdf used on inpu
t line 12.
(pdftex.def)             Requested size: 140.92793pt x 86.37564pt.

<photopectrum_splus_MC0114-273678_petro.pdf, id=691, 1120.185pt x 686.565pt>
File: photopectrum_splus_MC0114-273678_petro.pdf Graphic file (type pdf)

<use photopectrum_splus_MC0114-273678_petro.pdf>
Package pdftex.def Info: photopectrum_splus_MC0114-273678_petro.pdf used on inp
ut line 12.
(pdftex.def)             Requested size: 140.92793pt x 86.37564pt.

<photopectrum_splus_MC0115-043944_aper.pdf, id=693, 1120.185pt x 686.565pt>
File: photopectrum_splus_MC0115-043944_aper.pdf Graphic file (type pdf)

<use photopectrum_splus_MC0115-043944_aper.pdf>
Package pdftex.def Info: photopectrum_splus_MC0115-043944_aper.pdf used on inpu
t line 13.
(pdftex.def)             Requested size: 140.92793pt x 86.37564pt.

<photopectrum_splus_MC0115-043944_auto.pdf, id=695, 1120.185pt x 686.565pt>
File: photopectrum_splus_MC0115-043944_auto.pdf Graphic file (type pdf)

<use photopectrum_splus_MC0115-043944_auto.pdf>
Package pdftex.def Info: photopectrum_splus_MC0115-043944_auto.pdf used on inpu
t line 13.
(pdftex.def)             Requested size: 140.92793pt x 86.37564pt.

<photopectrum_splus_MC0115-043944_petro.pdf, id=697, 1120.185pt x 686.565pt>
File: photopectrum_splus_MC0115-043944_petro.pdf Graphic file (type pdf)

<use photopectrum_splus_MC0115-043944_petro.pdf>
Package pdftex.def Info: photopectrum_splus_MC0115-043944_petro.pdf used on inp
ut line 13.
(pdftex.def)             Requested size: 140.92793pt x 86.37564pt.

<photopectrum_splus_MC0115-063029_aper.pdf, id=699, 1120.185pt x 686.565pt>
File: photopectrum_splus_MC0115-063029_aper.pdf Graphic file (type pdf)

<use photopectrum_splus_MC0115-063029_aper.pdf>
Package pdftex.def Info: photopectrum_splus_MC0115-063029_aper.pdf used on inpu
t line 14.
(pdftex.def)             Requested size: 140.92793pt x 86.37564pt.

<photopectrum_splus_MC0115-063029_auto.pdf, id=701, 1120.185pt x 686.565pt>
File: photopectrum_splus_MC0115-063029_auto.pdf Graphic file (type pdf)

<use photopectrum_splus_MC0115-063029_auto.pdf>
Package pdftex.def Info: photopectrum_splus_MC0115-063029_auto.pdf used on inpu
t line 14.
(pdftex.def)             Requested size: 140.92793pt x 86.37564pt.

<photopectrum_splus_MC0115-063029_petro.pdf, id=703, 1120.185pt x 686.565pt>
File: photopectrum_splus_MC0115-063029_petro.pdf Graphic file (type pdf)

<use photopectrum_splus_MC0115-063029_petro.pdf>
Package pdftex.def Info: photopectrum_splus_MC0115-063029_petro.pdf used on inp
ut line 14.
(pdftex.def)             Requested size: 140.92793pt x 86.37564pt.

<photopectrum_splus_MC0115-105523_aper.pdf, id=705, 1120.185pt x 686.565pt>
File: photopectrum_splus_MC0115-105523_aper.pdf Graphic file (type pdf)

<use photopectrum_splus_MC0115-105523_aper.pdf>
Package pdftex.def Info: photopectrum_splus_MC0115-105523_aper.pdf used on inpu
t line 15.
(pdftex.def)             Requested size: 140.92793pt x 86.37564pt.

<photopectrum_splus_MC0115-105523_auto.pdf, id=707, 1120.185pt x 686.565pt>
File: photopectrum_splus_MC0115-105523_auto.pdf Graphic file (type pdf)

<use photopectrum_splus_MC0115-105523_auto.pdf>
Package pdftex.def Info: photopectrum_splus_MC0115-105523_auto.pdf used on inpu
t line 15.
(pdftex.def)             Requested size: 140.92793pt x 86.37564pt.

<photopectrum_splus_MC0115-105523_petro.pdf, id=709, 1120.185pt x 686.565pt>
File: photopectrum_splus_MC0115-105523_petro.pdf Graphic file (type pdf)

<use photopectrum_splus_MC0115-105523_petro.pdf>
Package pdftex.def Info: photopectrum_splus_MC0115-105523_petro.pdf used on inp
ut line 15.
(pdftex.def)             Requested size: 140.92793pt x 86.37564pt.

<photopectrum_splus_MC0115-112627_aper.pdf, id=711, 1120.185pt x 686.565pt>
File: photopectrum_splus_MC0115-112627_aper.pdf Graphic file (type pdf)

<use photopectrum_splus_MC0115-112627_aper.pdf>
Package pdftex.def Info: photopectrum_splus_MC0115-112627_aper.pdf used on inpu
t line 16.
(pdftex.def)             Requested size: 140.92793pt x 86.37564pt.

<photopectrum_splus_MC0115-112627_auto.pdf, id=713, 1120.185pt x 686.565pt>
File: photopectrum_splus_MC0115-112627_auto.pdf Graphic file (type pdf)

<use photopectrum_splus_MC0115-112627_auto.pdf>
Package pdftex.def Info: photopectrum_splus_MC0115-112627_auto.pdf used on inpu
t line 16.
(pdftex.def)             Requested size: 140.92793pt x 86.37564pt.

<photopectrum_splus_MC0115-112627_petro.pdf, id=715, 1120.185pt x 686.565pt>
File: photopectrum_splus_MC0115-112627_petro.pdf Graphic file (type pdf)

<use photopectrum_splus_MC0115-112627_petro.pdf>
Package pdftex.def Info: photopectrum_splus_MC0115-112627_petro.pdf used on inp
ut line 16.
(pdftex.def)             Requested size: 140.92793pt x 86.37564pt.

<photopectrum_splus_MC0115-147165_aper.pdf, id=717, 1120.185pt x 686.565pt>
File: photopectrum_splus_MC0115-147165_aper.pdf Graphic file (type pdf)

<use photopectrum_splus_MC0115-147165_aper.pdf>
Package pdftex.def Info: photopectrum_splus_MC0115-147165_aper.pdf used on inpu
t line 17.
(pdftex.def)             Requested size: 140.92793pt x 86.37564pt.

<photopectrum_splus_MC0115-147165_auto.pdf, id=719, 1120.185pt x 686.565pt>
File: photopectrum_splus_MC0115-147165_auto.pdf Graphic file (type pdf)

<use photopectrum_splus_MC0115-147165_auto.pdf>
Package pdftex.def Info: photopectrum_splus_MC0115-147165_auto.pdf used on inpu
t line 17.
(pdftex.def)             Requested size: 140.92793pt x 86.37564pt.

<photopectrum_splus_MC0115-147165_petro.pdf, id=721, 1120.185pt x 686.565pt>
File: photopectrum_splus_MC0115-147165_petro.pdf Graphic file (type pdf)

<use photopectrum_splus_MC0115-147165_petro.pdf>
Package pdftex.def Info: photopectrum_splus_MC0115-147165_petro.pdf used on inp
ut line 17.
(pdftex.def)             Requested size: 140.92793pt x 86.37564pt.

<photopectrum_splus_MC0115-229578_aper.pdf, id=723, 1120.185pt x 686.565pt>
File: photopectrum_splus_MC0115-229578_aper.pdf Graphic file (type pdf)

<use photopectrum_splus_MC0115-229578_aper.pdf>
Package pdftex.def Info: photopectrum_splus_MC0115-229578_aper.pdf used on inpu
t line 18.
(pdftex.def)             Requested size: 140.92793pt x 86.37564pt.

<photopectrum_splus_MC0115-229578_auto.pdf, id=725, 1120.185pt x 686.565pt>
File: photopectrum_splus_MC0115-229578_auto.pdf Graphic file (type pdf)

<use photopectrum_splus_MC0115-229578_auto.pdf>
Package pdftex.def Info: photopectrum_splus_MC0115-229578_auto.pdf used on inpu
t line 18.
(pdftex.def)             Requested size: 140.92793pt x 86.37564pt.

<photopectrum_splus_MC0115-229578_petro.pdf, id=727, 1120.185pt x 686.565pt>
File: photopectrum_splus_MC0115-229578_petro.pdf Graphic file (type pdf)

<use photopectrum_splus_MC0115-229578_petro.pdf>
Package pdftex.def Info: photopectrum_splus_MC0115-229578_petro.pdf used on inp
ut line 18.
(pdftex.def)             Requested size: 140.92793pt x 86.37564pt.

<photopectrum_splus_MC0115-308119_aper.pdf, id=729, 1120.185pt x 686.565pt>
File: photopectrum_splus_MC0115-308119_aper.pdf Graphic file (type pdf)

<use photopectrum_splus_MC0115-308119_aper.pdf>
Package pdftex.def Info: photopectrum_splus_MC0115-308119_aper.pdf used on inpu
t line 19.
(pdftex.def)             Requested size: 140.92793pt x 86.37564pt.

<photopectrum_splus_MC0115-308119_auto.pdf, id=731, 1120.185pt x 686.565pt>
File: photopectrum_splus_MC0115-308119_auto.pdf Graphic file (type pdf)

<use photopectrum_splus_MC0115-308119_auto.pdf>
Package pdftex.def Info: photopectrum_splus_MC0115-308119_auto.pdf used on inpu
t line 19.
(pdftex.def)             Requested size: 140.92793pt x 86.37564pt.

<photopectrum_splus_MC0115-308119_petro.pdf, id=733, 1120.185pt x 686.565pt>
File: photopectrum_splus_MC0115-308119_petro.pdf Graphic file (type pdf)

<use photopectrum_splus_MC0115-308119_petro.pdf>
Package pdftex.def Info: photopectrum_splus_MC0115-308119_petro.pdf used on inp
ut line 19.
(pdftex.def)             Requested size: 140.92793pt x 86.37564pt.

<photopectrum_splus_MC0115-350934_aper.pdf, id=735, 1120.185pt x 686.565pt>
File: photopectrum_splus_MC0115-350934_aper.pdf Graphic file (type pdf)

<use photopectrum_splus_MC0115-350934_aper.pdf>
Package pdftex.def Info: photopectrum_splus_MC0115-350934_aper.pdf used on inpu
t line 20.
(pdftex.def)             Requested size: 140.92793pt x 86.37564pt.

<photopectrum_splus_MC0115-350934_auto.pdf, id=737, 1120.185pt x 686.565pt>
File: photopectrum_splus_MC0115-350934_auto.pdf Graphic file (type pdf)

<use photopectrum_splus_MC0115-350934_auto.pdf>
Package pdftex.def Info: photopectrum_splus_MC0115-350934_auto.pdf used on inpu
t line 20.
(pdftex.def)             Requested size: 140.92793pt x 86.37564pt.

<photopectrum_splus_MC0115-350934_petro.pdf, id=739, 1120.185pt x 686.565pt>
File: photopectrum_splus_MC0115-350934_petro.pdf Graphic file (type pdf)

<use photopectrum_splus_MC0115-350934_petro.pdf>
Package pdftex.def Info: photopectrum_splus_MC0115-350934_petro.pdf used on inp
ut line 20.
(pdftex.def)             Requested size: 140.92793pt x 86.37564pt.

<photopectrum_splus_MC0115-402039_aper.pdf, id=741, 1120.185pt x 686.565pt>
File: photopectrum_splus_MC0115-402039_aper.pdf Graphic file (type pdf)

<use photopectrum_splus_MC0115-402039_aper.pdf>
Package pdftex.def Info: photopectrum_splus_MC0115-402039_aper.pdf used on inpu
t line 21.
(pdftex.def)             Requested size: 140.92793pt x 86.37564pt.

<photopectrum_splus_MC0115-402039_auto.pdf, id=743, 1120.185pt x 686.565pt>
File: photopectrum_splus_MC0115-402039_auto.pdf Graphic file (type pdf)

<use photopectrum_splus_MC0115-402039_auto.pdf>
Package pdftex.def Info: photopectrum_splus_MC0115-402039_auto.pdf used on inpu
t line 21.
(pdftex.def)             Requested size: 140.92793pt x 86.37564pt.

<photopectrum_splus_MC0115-402039_petro.pdf, id=745, 1120.185pt x 686.565pt>
File: photopectrum_splus_MC0115-402039_petro.pdf Graphic file (type pdf)

<use photopectrum_splus_MC0115-402039_petro.pdf>
Package pdftex.def Info: photopectrum_splus_MC0115-402039_petro.pdf used on inp
ut line 21.
(pdftex.def)             Requested size: 140.92793pt x 86.37564pt.

<photopectrum_splus_MC0116-015280_aper.pdf, id=747, 1120.185pt x 686.565pt>
File: photopectrum_splus_MC0116-015280_aper.pdf Graphic file (type pdf)

<use photopectrum_splus_MC0116-015280_aper.pdf>
Package pdftex.def Info: photopectrum_splus_MC0116-015280_aper.pdf used on inpu
t line 22.
(pdftex.def)             Requested size: 140.92793pt x 86.37564pt.

<photopectrum_splus_MC0116-015280_auto.pdf, id=749, 1120.185pt x 686.565pt>
File: photopectrum_splus_MC0116-015280_auto.pdf Graphic file (type pdf)

<use photopectrum_splus_MC0116-015280_auto.pdf>
Package pdftex.def Info: photopectrum_splus_MC0116-015280_auto.pdf used on inpu
t line 22.
(pdftex.def)             Requested size: 140.92793pt x 86.37564pt.

<photopectrum_splus_MC0116-015280_petro.pdf, id=751, 1120.185pt x 686.565pt>
File: photopectrum_splus_MC0116-015280_petro.pdf Graphic file (type pdf)

<use photopectrum_splus_MC0116-015280_petro.pdf>
Package pdftex.def Info: photopectrum_splus_MC0116-015280_petro.pdf used on inp
ut line 22.
(pdftex.def)             Requested size: 140.92793pt x 86.37564pt.

<photopectrum_splus_MC0116-172101_aper.pdf, id=753, 1120.185pt x 686.565pt>
File: photopectrum_splus_MC0116-172101_aper.pdf Graphic file (type pdf)

<use photopectrum_splus_MC0116-172101_aper.pdf>
Package pdftex.def Info: photopectrum_splus_MC0116-172101_aper.pdf used on inpu
t line 23.
(pdftex.def)             Requested size: 140.92793pt x 86.37564pt.

<photopectrum_splus_MC0116-172101_auto.pdf, id=755, 1120.185pt x 686.565pt>
File: photopectrum_splus_MC0116-172101_auto.pdf Graphic file (type pdf)

<use photopectrum_splus_MC0116-172101_auto.pdf>
Package pdftex.def Info: photopectrum_splus_MC0116-172101_auto.pdf used on inpu
t line 23.
(pdftex.def)             Requested size: 140.92793pt x 86.37564pt.

<photopectrum_splus_MC0116-172101_petro.pdf, id=757, 1120.185pt x 686.565pt>
File: photopectrum_splus_MC0116-172101_petro.pdf Graphic file (type pdf)

<use photopectrum_splus_MC0116-172101_petro.pdf>
Package pdftex.def Info: photopectrum_splus_MC0116-172101_petro.pdf used on inp
ut line 23.
(pdftex.def)             Requested size: 140.92793pt x 86.37564pt.

<photopectrum_splus_MC0133-025038_aper.pdf, id=759, 1120.185pt x 686.565pt>
File: photopectrum_splus_MC0133-025038_aper.pdf Graphic file (type pdf)

<use photopectrum_splus_MC0133-025038_aper.pdf>
Package pdftex.def Info: photopectrum_splus_MC0133-025038_aper.pdf used on inpu
t line 24.
(pdftex.def)             Requested size: 140.92793pt x 86.37564pt.

<photopectrum_splus_MC0133-025038_auto.pdf, id=761, 1120.185pt x 686.565pt>
File: photopectrum_splus_MC0133-025038_auto.pdf Graphic file (type pdf)

<use photopectrum_splus_MC0133-025038_auto.pdf>
Package pdftex.def Info: photopectrum_splus_MC0133-025038_auto.pdf used on inpu
t line 24.
(pdftex.def)             Requested size: 140.92793pt x 86.37564pt.

<photopectrum_splus_MC0133-025038_petro.pdf, id=763, 1120.185pt x 686.565pt>
File: photopectrum_splus_MC0133-025038_petro.pdf Graphic file (type pdf)

<use photopectrum_splus_MC0133-025038_petro.pdf>
Package pdftex.def Info: photopectrum_splus_MC0133-025038_petro.pdf used on inp
ut line 24.
(pdftex.def)             Requested size: 140.92793pt x 86.37564pt.
) [4 <./photopectrum_splus_MC0072-006125_aper.pdf> <./photopectrum_splus_MC0072
-006125_auto.pdf> <./photopectrum_splus_MC0072-006125_petro.pdf> <./photopectru
m_splus_MC0072-044863_aper.pdf> <./photopectrum_splus_MC0072-044863_auto.pdf> <
./photopectrum_splus_MC0072-044863_petro.pdf> <./photopectrum_splus_MC0093-0518
19_aper.pdf> <./photopectrum_splus_MC0093-051819_auto.pdf> <./photopectrum_splu
s_MC0093-051819_petro.pdf> <./photopectrum_splus_MC0093-085620_aper.pdf> <./pho
topectrum_splus_MC0093-085620_auto.pdf> <./photopectrum_splus_MC0093-085620_pet
ro.pdf> <./photopectrum_splus_MC0093-295870_aper.pdf> <./photopectrum_splus_MC0
093-295870_auto.pdf> <./photopectrum_splus_MC0093-295870_petro.pdf> <./photopec
trum_splus_MC0094-194143_aper.pdf> <./photopectrum_splus_MC0094-194143_auto.pdf
> <./photopectrum_splus_MC0094-194143_petro.pdf> <./photopectrum_splus_MC0113-0
84466_aper.pdf> <./photopectrum_splus_MC0113-084466_auto.pdf> <./photopectrum_s
plus_MC0113-084466_petro.pdf>]
[5 <./photopectrum_splus_MC0114-113862_aper.pdf> <./photopectrum_splus_MC0114-1
13862_auto.pdf> <./photopectrum_splus_MC0114-113862_petro.pdf> <./photopectrum_
splus_MC0114-273678_aper.pdf> <./photopectrum_splus_MC0114-273678_auto.pdf> <./
photopectrum_splus_MC0114-273678_petro.pdf> <./photopectrum_splus_MC0115-043944
_aper.pdf> <./photopectrum_splus_MC0115-043944_auto.pdf> <./photopectrum_splus_
MC0115-043944_petro.pdf> <./photopectrum_splus_MC0115-063029_aper.pdf> <./photo
pectrum_splus_MC0115-063029_auto.pdf> <./photopectrum_splus_MC0115-063029_petro
.pdf> <./photopectrum_splus_MC0115-105523_aper.pdf> <./photopectrum_splus_MC011
5-105523_auto.pdf> <./photopectrum_splus_MC0115-105523_petro.pdf> <./photopectr
um_splus_MC0115-112627_aper.pdf> <./photopectrum_splus_MC0115-112627_auto.pdf> 
<./photopectrum_splus_MC0115-112627_petro.pdf> <./photopectrum_splus_MC0115-147
165_aper.pdf> <./photopectrum_splus_MC0115-147165_auto.pdf> <./photopectrum_spl
us_MC0115-147165_petro.pdf>] [6 <./photopectrum_splus_MC0115-229578_aper.pdf> <
./photopectrum_splus_MC0115-229578_auto.pdf> <./photopectrum_splus_MC0115-22957
8_petro.pdf> <./photopectrum_splus_MC0115-308119_aper.pdf> <./photopectrum_splu
s_MC0115-308119_auto.pdf> <./photopectrum_splus_MC0115-308119_petro.pdf> <./pho
topectrum_splus_MC0115-350934_aper.pdf> <./photopectrum_splus_MC0115-350934_aut
o.pdf> <./photopectrum_splus_MC0115-350934_petro.pdf> <./photopectrum_splus_MC0
115-402039_aper.pdf> <./photopectrum_splus_MC0115-402039_auto.pdf> <./photopect
rum_splus_MC0115-402039_petro.pdf> <./photopectrum_splus_MC0116-015280_aper.pdf
> <./photopectrum_splus_MC0116-015280_auto.pdf> <./photopectrum_splus_MC0116-01
5280_petro.pdf> <./photopectrum_splus_MC0116-172101_aper.pdf> <./photopectrum_s
plus_MC0116-172101_auto.pdf> <./photopectrum_splus_MC0116-172101_petro.pdf> <./
photopectrum_splus_MC0133-025038_aper.pdf> <./photopectrum_splus_MC0133-025038_
auto.pdf> <./photopectrum_splus_MC0133-025038_petro.pdf>] (./table-images.tex
File: photopectrum_splus_MC0072-006125_aper.pdf Graphic file (type pdf)

<use photopectrum_splus_MC0072-006125_aper.pdf>
Package pdftex.def Info: photopectrum_splus_MC0072-006125_aper.pdf used on inpu
t line 4.
(pdftex.def)             Requested size: 140.92793pt x 86.37564pt.

<MC0072/MC0072_F861_006125-RGB.pdf, id=3000, 650.45413pt x 570.70306pt>
File: MC0072/MC0072_F861_006125-RGB.pdf Graphic file (type pdf)

<use MC0072/MC0072_F861_006125-RGB.pdf>
Package pdftex.def Info: MC0072/MC0072_F861_006125-RGB.pdf used on input line 4
.
(pdftex.def)             Requested size: 140.92793pt x 123.64795pt.

<MC0072/MC0072_I_006125-RGB.pdf, id=3002, 650.45413pt x 570.70306pt>
File: MC0072/MC0072_I_006125-RGB.pdf Graphic file (type pdf)

<use MC0072/MC0072_I_006125-RGB.pdf>
Package pdftex.def Info: MC0072/MC0072_I_006125-RGB.pdf used on input line 4.
(pdftex.def)             Requested size: 140.92793pt x 123.64795pt.
File: photopectrum_splus_MC0072-044863_aper.pdf Graphic file (type pdf)

<use photopectrum_splus_MC0072-044863_aper.pdf>
Package pdftex.def Info: photopectrum_splus_MC0072-044863_aper.pdf used on inpu
t line 5.
(pdftex.def)             Requested size: 140.92793pt x 86.37564pt.

<MC0072/MC0072_F861_044863-RGB.pdf, id=3005, 650.45413pt x 570.70306pt>
File: MC0072/MC0072_F861_044863-RGB.pdf Graphic file (type pdf)

<use MC0072/MC0072_F861_044863-RGB.pdf>
Package pdftex.def Info: MC0072/MC0072_F861_044863-RGB.pdf used on input line 5
.
(pdftex.def)             Requested size: 140.92793pt x 123.64795pt.

<MC0072/MC0072_I_044863-RGB.pdf, id=3007, 650.45413pt x 570.70306pt>
File: MC0072/MC0072_I_044863-RGB.pdf Graphic file (type pdf)

<use MC0072/MC0072_I_044863-RGB.pdf>
Package pdftex.def Info: MC0072/MC0072_I_044863-RGB.pdf used on input line 5.
(pdftex.def)             Requested size: 140.92793pt x 123.64795pt.
File: photopectrum_splus_MC0093-051819_aper.pdf Graphic file (type pdf)

<use photopectrum_splus_MC0093-051819_aper.pdf>
Package pdftex.def Info: photopectrum_splus_MC0093-051819_aper.pdf used on inpu
t line 6.
(pdftex.def)             Requested size: 140.92793pt x 86.37564pt.

<MC0093/MC0093_F861_051819-RGB.pdf, id=3010, 655.46248pt x 570.70306pt>
File: MC0093/MC0093_F861_051819-RGB.pdf Graphic file (type pdf)

<use MC0093/MC0093_F861_051819-RGB.pdf>
Package pdftex.def Info: MC0093/MC0093_F861_051819-RGB.pdf used on input line 6
.
(pdftex.def)             Requested size: 140.92793pt x 122.69876pt.

<MC0093/MC0093_I_051819-RGB.pdf, id=3012, 655.46248pt x 570.70306pt>
File: MC0093/MC0093_I_051819-RGB.pdf Graphic file (type pdf)

<use MC0093/MC0093_I_051819-RGB.pdf>
Package pdftex.def Info: MC0093/MC0093_I_051819-RGB.pdf used on input line 6.
(pdftex.def)             Requested size: 140.92793pt x 122.69876pt.
File: photopectrum_splus_MC0093-085620_aper.pdf Graphic file (type pdf)

<use photopectrum_splus_MC0093-085620_aper.pdf>
Package pdftex.def Info: photopectrum_splus_MC0093-085620_aper.pdf used on inpu
t line 7.
(pdftex.def)             Requested size: 140.92793pt x 86.37564pt.

<MC0093/MC0093_F861_085620-RGB.pdf, id=3015, 655.46248pt x 570.70306pt>
File: MC0093/MC0093_F861_085620-RGB.pdf Graphic file (type pdf)

<use MC0093/MC0093_F861_085620-RGB.pdf>
Package pdftex.def Info: MC0093/MC0093_F861_085620-RGB.pdf used on input line 7
.
(pdftex.def)             Requested size: 140.92793pt x 122.69876pt.

<MC0093/MC0093_I_085620-RGB.pdf, id=3017, 655.46248pt x 570.70306pt>
File: MC0093/MC0093_I_085620-RGB.pdf Graphic file (type pdf)

<use MC0093/MC0093_I_085620-RGB.pdf>
Package pdftex.def Info: MC0093/MC0093_I_085620-RGB.pdf used on input line 7.
(pdftex.def)             Requested size: 140.92793pt x 122.69876pt.
File: photopectrum_splus_MC0093-295870_aper.pdf Graphic file (type pdf)

<use photopectrum_splus_MC0093-295870_aper.pdf>
Package pdftex.def Info: photopectrum_splus_MC0093-295870_aper.pdf used on inpu
t line 8.
(pdftex.def)             Requested size: 140.92793pt x 86.37564pt.

<MC0093/MC0093_F861_295870-RGB.pdf, id=3020, 645.49542pt x 570.70306pt>
File: MC0093/MC0093_F861_295870-RGB.pdf Graphic file (type pdf)

<use MC0093/MC0093_F861_295870-RGB.pdf>
Package pdftex.def Info: MC0093/MC0093_F861_295870-RGB.pdf used on input line 8
.
(pdftex.def)             Requested size: 140.92793pt x 124.59715pt.

<MC0093/MC0093_I_295870-RGB.pdf, id=3022, 645.49542pt x 570.70306pt>
File: MC0093/MC0093_I_295870-RGB.pdf Graphic file (type pdf)

<use MC0093/MC0093_I_295870-RGB.pdf>
Package pdftex.def Info: MC0093/MC0093_I_295870-RGB.pdf used on input line 8.
(pdftex.def)             Requested size: 140.92793pt x 124.59715pt.
File: photopectrum_splus_MC0094-194143_aper.pdf Graphic file (type pdf)

<use photopectrum_splus_MC0094-194143_aper.pdf>
Package pdftex.def Info: photopectrum_splus_MC0094-194143_aper.pdf used on inpu
t line 9.
(pdftex.def)             Requested size: 140.92793pt x 86.37564pt.

<MC0094/MC0094_F861_194143-RGB.pdf, id=3025, 650.45413pt x 570.70306pt>
File: MC0094/MC0094_F861_194143-RGB.pdf Graphic file (type pdf)

<use MC0094/MC0094_F861_194143-RGB.pdf>
Package pdftex.def Info: MC0094/MC0094_F861_194143-RGB.pdf used on input line 9
.
(pdftex.def)             Requested size: 140.92793pt x 123.64795pt.

<MC0094/MC0094_I_194143-RGB.pdf, id=3027, 650.45413pt x 570.70306pt>
File: MC0094/MC0094_I_194143-RGB.pdf Graphic file (type pdf)

<use MC0094/MC0094_I_194143-RGB.pdf>
Package pdftex.def Info: MC0094/MC0094_I_194143-RGB.pdf used on input line 9.
(pdftex.def)             Requested size: 140.92793pt x 123.64795pt.
File: photopectrum_splus_MC0113-084466_aper.pdf Graphic file (type pdf)

<use photopectrum_splus_MC0113-084466_aper.pdf>
Package pdftex.def Info: photopectrum_splus_MC0113-084466_aper.pdf used on inpu
t line 10.
(pdftex.def)             Requested size: 140.92793pt x 86.37564pt.

<MC0113/MC0113_F861_084466-RGB.pdf, id=3030, 650.45413pt x 570.70306pt>
File: MC0113/MC0113_F861_084466-RGB.pdf Graphic file (type pdf)

<use MC0113/MC0113_F861_084466-RGB.pdf>
Package pdftex.def Info: MC0113/MC0113_F861_084466-RGB.pdf used on input line 1
0.
(pdftex.def)             Requested size: 140.92793pt x 123.64795pt.

<MC0113/MC0113_I_084466-RGB.pdf, id=3032, 650.45413pt x 570.70306pt>
File: MC0113/MC0113_I_084466-RGB.pdf Graphic file (type pdf)

<use MC0113/MC0113_I_084466-RGB.pdf>
Package pdftex.def Info: MC0113/MC0113_I_084466-RGB.pdf used on input line 10.
(pdftex.def)             Requested size: 140.92793pt x 123.64795pt.
File: photopectrum_splus_MC0114-113862_aper.pdf Graphic file (type pdf)

<use photopectrum_splus_MC0114-113862_aper.pdf>
Package pdftex.def Info: photopectrum_splus_MC0114-113862_aper.pdf used on inpu
t line 11.
(pdftex.def)             Requested size: 140.92793pt x 86.37564pt.

<MC0114/MC0114_F861_113862-RGB.pdf, id=3035, 650.45413pt x 570.70306pt>
File: MC0114/MC0114_F861_113862-RGB.pdf Graphic file (type pdf)

<use MC0114/MC0114_F861_113862-RGB.pdf>
Package pdftex.def Info: MC0114/MC0114_F861_113862-RGB.pdf used on input line 1
1.
(pdftex.def)             Requested size: 140.92793pt x 123.64795pt.

<MC0114/MC0114_I_113862-RGB.pdf, id=3037, 650.45413pt x 570.70306pt>
File: MC0114/MC0114_I_113862-RGB.pdf Graphic file (type pdf)

<use MC0114/MC0114_I_113862-RGB.pdf>
Package pdftex.def Info: MC0114/MC0114_I_113862-RGB.pdf used on input line 11.
(pdftex.def)             Requested size: 140.92793pt x 123.64795pt.
File: photopectrum_splus_MC0114-273678_aper.pdf Graphic file (type pdf)

<use photopectrum_splus_MC0114-273678_aper.pdf>
Package pdftex.def Info: photopectrum_splus_MC0114-273678_aper.pdf used on inpu
t line 12.
(pdftex.def)             Requested size: 140.92793pt x 86.37564pt.

<MC0114/MC0114_F861_273678-RGB.pdf, id=3040, 650.45413pt x 570.70306pt>
File: MC0114/MC0114_F861_273678-RGB.pdf Graphic file (type pdf)

<use MC0114/MC0114_F861_273678-RGB.pdf>
Package pdftex.def Info: MC0114/MC0114_F861_273678-RGB.pdf used on input line 1
2.
(pdftex.def)             Requested size: 140.92793pt x 123.64795pt.

<MC0114/MC0114_I_273678-RGB.pdf, id=3042, 650.45413pt x 570.70306pt>
File: MC0114/MC0114_I_273678-RGB.pdf Graphic file (type pdf)

<use MC0114/MC0114_I_273678-RGB.pdf>
Package pdftex.def Info: MC0114/MC0114_I_273678-RGB.pdf used on input line 12.
(pdftex.def)             Requested size: 140.92793pt x 123.64795pt.
File: photopectrum_splus_MC0115-043944_aper.pdf Graphic file (type pdf)

<use photopectrum_splus_MC0115-043944_aper.pdf>
Package pdftex.def Info: photopectrum_splus_MC0115-043944_aper.pdf used on inpu
t line 13.
(pdftex.def)             Requested size: 140.92793pt x 86.37564pt.

<MC0115/MC0115_F861_043944-RGB.pdf, id=3045, 650.45413pt x 570.70306pt>
File: MC0115/MC0115_F861_043944-RGB.pdf Graphic file (type pdf)

<use MC0115/MC0115_F861_043944-RGB.pdf>
Package pdftex.def Info: MC0115/MC0115_F861_043944-RGB.pdf used on input line 1
3.
(pdftex.def)             Requested size: 140.92793pt x 123.64795pt.

<MC0115/MC0115_I_043944-RGB.pdf, id=3047, 650.45413pt x 570.70306pt>
File: MC0115/MC0115_I_043944-RGB.pdf Graphic file (type pdf)

<use MC0115/MC0115_I_043944-RGB.pdf>
Package pdftex.def Info: MC0115/MC0115_I_043944-RGB.pdf used on input line 13.
(pdftex.def)             Requested size: 140.92793pt x 123.64795pt.
File: photopectrum_splus_MC0115-063029_aper.pdf Graphic file (type pdf)

<use photopectrum_splus_MC0115-063029_aper.pdf>
Package pdftex.def Info: photopectrum_splus_MC0115-063029_aper.pdf used on inpu
t line 14.
(pdftex.def)             Requested size: 140.92793pt x 86.37564pt.

<MC0115/MC0115_F861_063029-RGB.pdf, id=3050, 645.49542pt x 570.70306pt>
File: MC0115/MC0115_F861_063029-RGB.pdf Graphic file (type pdf)

<use MC0115/MC0115_F861_063029-RGB.pdf>
Package pdftex.def Info: MC0115/MC0115_F861_063029-RGB.pdf used on input line 1
4.
(pdftex.def)             Requested size: 140.92793pt x 124.59715pt.

<MC0115/MC0115_I_063029-RGB.pdf, id=3052, 645.49542pt x 570.70306pt>
File: MC0115/MC0115_I_063029-RGB.pdf Graphic file (type pdf)

<use MC0115/MC0115_I_063029-RGB.pdf>
Package pdftex.def Info: MC0115/MC0115_I_063029-RGB.pdf used on input line 14.
(pdftex.def)             Requested size: 140.92793pt x 124.59715pt.
File: photopectrum_splus_MC0115-105523_aper.pdf Graphic file (type pdf)

<use photopectrum_splus_MC0115-105523_aper.pdf>
Package pdftex.def Info: photopectrum_splus_MC0115-105523_aper.pdf used on inpu
t line 15.
(pdftex.def)             Requested size: 140.92793pt x 86.37564pt.

<MC0115/MC0115_F861_105523-RGB.pdf, id=3055, 664.73001pt x 570.70306pt>
File: MC0115/MC0115_F861_105523-RGB.pdf Graphic file (type pdf)

<use MC0115/MC0115_F861_105523-RGB.pdf>
Package pdftex.def Info: MC0115/MC0115_F861_105523-RGB.pdf used on input line 1
5.
(pdftex.def)             Requested size: 140.92793pt x 120.99194pt.

<MC0115/MC0115_I_105523-RGB.pdf, id=3057, 664.73001pt x 570.70306pt>
File: MC0115/MC0115_I_105523-RGB.pdf Graphic file (type pdf)

<use MC0115/MC0115_I_105523-RGB.pdf>
Package pdftex.def Info: MC0115/MC0115_I_105523-RGB.pdf used on input line 15.
(pdftex.def)             Requested size: 140.92793pt x 120.99194pt.
File: photopectrum_splus_MC0115-112627_aper.pdf Graphic file (type pdf)

<use photopectrum_splus_MC0115-112627_aper.pdf>
Package pdftex.def Info: photopectrum_splus_MC0115-112627_aper.pdf used on inpu
t line 16.
(pdftex.def)             Requested size: 140.92793pt x 86.37564pt.

<MC0115/MC0115_F861_112627-RGB.pdf, id=3060, 650.45413pt x 570.70306pt>
File: MC0115/MC0115_F861_112627-RGB.pdf Graphic file (type pdf)

<use MC0115/MC0115_F861_112627-RGB.pdf>
Package pdftex.def Info: MC0115/MC0115_F861_112627-RGB.pdf used on input line 1
6.
(pdftex.def)             Requested size: 140.92793pt x 123.64795pt.

<MC0115/MC0115_I_112627-RGB.pdf, id=3062, 650.45413pt x 570.70306pt>
File: MC0115/MC0115_I_112627-RGB.pdf Graphic file (type pdf)

<use MC0115/MC0115_I_112627-RGB.pdf>
Package pdftex.def Info: MC0115/MC0115_I_112627-RGB.pdf used on input line 16.
(pdftex.def)             Requested size: 140.92793pt x 123.64795pt.
File: photopectrum_splus_MC0115-147165_aper.pdf Graphic file (type pdf)

<use photopectrum_splus_MC0115-147165_aper.pdf>
Package pdftex.def Info: photopectrum_splus_MC0115-147165_aper.pdf used on inpu
t line 17.
(pdftex.def)             Requested size: 140.92793pt x 86.37564pt.

<MC0115/MC0115_F861_147165-RGB.pdf, id=3065, 645.49542pt x 570.70306pt>
File: MC0115/MC0115_F861_147165-RGB.pdf Graphic file (type pdf)

<use MC0115/MC0115_F861_147165-RGB.pdf>
Package pdftex.def Info: MC0115/MC0115_F861_147165-RGB.pdf used on input line 1
7.
(pdftex.def)             Requested size: 140.92793pt x 124.59715pt.

<MC0115/MC0115_I_147165-RGB.pdf, id=3067, 645.49542pt x 570.70306pt>
File: MC0115/MC0115_I_147165-RGB.pdf Graphic file (type pdf)

<use MC0115/MC0115_I_147165-RGB.pdf>
Package pdftex.def Info: MC0115/MC0115_I_147165-RGB.pdf used on input line 17.
(pdftex.def)             Requested size: 140.92793pt x 124.59715pt.
File: photopectrum_splus_MC0115-229578_aper.pdf Graphic file (type pdf)

<use photopectrum_splus_MC0115-229578_aper.pdf>
Package pdftex.def Info: photopectrum_splus_MC0115-229578_aper.pdf used on inpu
t line 18.
(pdftex.def)             Requested size: 140.92793pt x 86.37564pt.

<MC0115/MC0115_F861_229578-RGB.pdf, id=3070, 661.61552pt x 570.70306pt>
File: MC0115/MC0115_F861_229578-RGB.pdf Graphic file (type pdf)

<use MC0115/MC0115_F861_229578-RGB.pdf>
Package pdftex.def Info: MC0115/MC0115_F861_229578-RGB.pdf used on input line 1
8.
(pdftex.def)             Requested size: 140.92793pt x 121.55798pt.

<MC0115/MC0115_I_229578-RGB.pdf, id=3072, 661.61552pt x 570.70306pt>
File: MC0115/MC0115_I_229578-RGB.pdf Graphic file (type pdf)

<use MC0115/MC0115_I_229578-RGB.pdf>
Package pdftex.def Info: MC0115/MC0115_I_229578-RGB.pdf used on input line 18.
(pdftex.def)             Requested size: 140.92793pt x 121.55798pt.
File: photopectrum_splus_MC0115-308119_aper.pdf Graphic file (type pdf)

<use photopectrum_splus_MC0115-308119_aper.pdf>
Package pdftex.def Info: photopectrum_splus_MC0115-308119_aper.pdf used on inpu
t line 19.
(pdftex.def)             Requested size: 140.92793pt x 86.37564pt.

<MC0115/MC0115_F861_308119-RGB.pdf, id=3075, 650.45413pt x 570.70306pt>
File: MC0115/MC0115_F861_308119-RGB.pdf Graphic file (type pdf)

<use MC0115/MC0115_F861_308119-RGB.pdf>
Package pdftex.def Info: MC0115/MC0115_F861_308119-RGB.pdf used on input line 1
9.
(pdftex.def)             Requested size: 140.92793pt x 123.64795pt.

<MC0115/MC0115_I_308119-RGB.pdf, id=3077, 650.45413pt x 570.70306pt>
File: MC0115/MC0115_I_308119-RGB.pdf Graphic file (type pdf)

<use MC0115/MC0115_I_308119-RGB.pdf>
Package pdftex.def Info: MC0115/MC0115_I_308119-RGB.pdf used on input line 19.
(pdftex.def)             Requested size: 140.92793pt x 123.64795pt.
File: photopectrum_splus_MC0115-350934_aper.pdf Graphic file (type pdf)

<use photopectrum_splus_MC0115-350934_aper.pdf>
Package pdftex.def Info: photopectrum_splus_MC0115-350934_aper.pdf used on inpu
t line 20.
(pdftex.def)             Requested size: 140.92793pt x 86.37564pt.

<MC0115/MC0115_F861_350934-RGB.pdf, id=3080, 650.45413pt x 570.70306pt>
File: MC0115/MC0115_F861_350934-RGB.pdf Graphic file (type pdf)

<use MC0115/MC0115_F861_350934-RGB.pdf>
Package pdftex.def Info: MC0115/MC0115_F861_350934-RGB.pdf used on input line 2
0.
(pdftex.def)             Requested size: 140.92793pt x 123.64795pt.

<MC0115/MC0115_I_350934-RGB.pdf, id=3082, 650.45413pt x 570.70306pt>
File: MC0115/MC0115_I_350934-RGB.pdf Graphic file (type pdf)

<use MC0115/MC0115_I_350934-RGB.pdf>
Package pdftex.def Info: MC0115/MC0115_I_350934-RGB.pdf used on input line 20.
(pdftex.def)             Requested size: 140.92793pt x 123.64795pt.
File: photopectrum_splus_MC0115-402039_aper.pdf Graphic file (type pdf)

<use photopectrum_splus_MC0115-402039_aper.pdf>
Package pdftex.def Info: photopectrum_splus_MC0115-402039_aper.pdf used on inpu
t line 21.
(pdftex.def)             Requested size: 140.92793pt x 86.37564pt.

<MC0115/MC0115_F861_402039-RGB.pdf, id=3085, 650.45413pt x 570.70306pt>
File: MC0115/MC0115_F861_402039-RGB.pdf Graphic file (type pdf)

<use MC0115/MC0115_F861_402039-RGB.pdf>
Package pdftex.def Info: MC0115/MC0115_F861_402039-RGB.pdf used on input line 2
1.
(pdftex.def)             Requested size: 140.92793pt x 123.64795pt.

<MC0115/MC0115_I_402039-RGB.pdf, id=3087, 650.45413pt x 570.70306pt>
File: MC0115/MC0115_I_402039-RGB.pdf Graphic file (type pdf)

<use MC0115/MC0115_I_402039-RGB.pdf>
Package pdftex.def Info: MC0115/MC0115_I_402039-RGB.pdf used on input line 21.
(pdftex.def)             Requested size: 140.92793pt x 123.64795pt.
File: photopectrum_splus_MC0116-015280_aper.pdf Graphic file (type pdf)

<use photopectrum_splus_MC0116-015280_aper.pdf>
Package pdftex.def Info: photopectrum_splus_MC0116-015280_aper.pdf used on inpu
t line 22.
(pdftex.def)             Requested size: 140.92793pt x 86.37564pt.

<MC0116/MC0116_F861_015280-RGB.pdf, id=3090, 650.45413pt x 570.70306pt>
File: MC0116/MC0116_F861_015280-RGB.pdf Graphic file (type pdf)

<use MC0116/MC0116_F861_015280-RGB.pdf>
Package pdftex.def Info: MC0116/MC0116_F861_015280-RGB.pdf used on input line 2
2.
(pdftex.def)             Requested size: 140.92793pt x 123.64795pt.

<MC0116/MC0116_I_015280-RGB.pdf, id=3092, 650.45413pt x 570.70306pt>
File: MC0116/MC0116_I_015280-RGB.pdf Graphic file (type pdf)

<use MC0116/MC0116_I_015280-RGB.pdf>
Package pdftex.def Info: MC0116/MC0116_I_015280-RGB.pdf used on input line 22.
(pdftex.def)             Requested size: 140.92793pt x 123.64795pt.
File: photopectrum_splus_MC0116-172101_aper.pdf Graphic file (type pdf)

<use photopectrum_splus_MC0116-172101_aper.pdf>
Package pdftex.def Info: photopectrum_splus_MC0116-172101_aper.pdf used on inpu
t line 23.
(pdftex.def)             Requested size: 140.92793pt x 86.37564pt.

<MC0116/MC0116_F861_172101-RGB.pdf, id=3095, 645.49542pt x 570.70306pt>
File: MC0116/MC0116_F861_172101-RGB.pdf Graphic file (type pdf)

<use MC0116/MC0116_F861_172101-RGB.pdf>
Package pdftex.def Info: MC0116/MC0116_F861_172101-RGB.pdf used on input line 2
3.
(pdftex.def)             Requested size: 140.92793pt x 124.59715pt.

<MC0116/MC0116_I_172101-RGB.pdf, id=3097, 645.49542pt x 570.70306pt>
File: MC0116/MC0116_I_172101-RGB.pdf Graphic file (type pdf)

<use MC0116/MC0116_I_172101-RGB.pdf>
Package pdftex.def Info: MC0116/MC0116_I_172101-RGB.pdf used on input line 23.
(pdftex.def)             Requested size: 140.92793pt x 124.59715pt.
File: photopectrum_splus_MC0133-025038_aper.pdf Graphic file (type pdf)

<use photopectrum_splus_MC0133-025038_aper.pdf>
Package pdftex.def Info: photopectrum_splus_MC0133-025038_aper.pdf used on inpu
t line 24.
(pdftex.def)             Requested size: 140.92793pt x 86.37564pt.

<MC0133/MC0133_F861_025038-RGB.pdf, id=3100, 650.45413pt x 570.70306pt>
File: MC0133/MC0133_F861_025038-RGB.pdf Graphic file (type pdf)

<use MC0133/MC0133_F861_025038-RGB.pdf>
Package pdftex.def Info: MC0133/MC0133_F861_025038-RGB.pdf used on input line 2
4.
(pdftex.def)             Requested size: 140.92793pt x 123.64795pt.

<MC0133/MC0133_I_025038-RGB.pdf, id=3102, 650.45413pt x 570.70306pt>
File: MC0133/MC0133_I_025038-RGB.pdf Graphic file (type pdf)

<use MC0133/MC0133_I_025038-RGB.pdf>
Package pdftex.def Info: MC0133/MC0133_I_025038-RGB.pdf used on input line 24.
(pdftex.def)             Requested size: 140.92793pt x 123.64795pt.
) [7 <./MC0072/MC0072_F861_006125-RGB.pdf> <./MC0072/MC0072_I_006125-RGB.pdf> <
./MC0072/MC0072_F861_044863-RGB.pdf> <./MC0072/MC0072_I_044863-RGB.pdf> <./MC00
93/MC0093_F861_051819-RGB.pdf> <./MC0093/MC0093_I_051819-RGB.pdf> <./MC0093/MC0
093_F861_085620-RGB.pdf> <./MC0093/MC0093_I_085620-RGB.pdf> <./MC0093/MC0093_F8
61_295870-RGB.pdf> <./MC0093/MC0093_I_295870-RGB.pdf>] [8 <./MC0094/MC0094_F861
_194143-RGB.pdf> <./MC0094/MC0094_I_194143-RGB.pdf> <./MC0113/MC0113_F861_08446
6-RGB.pdf> <./MC0113/MC0113_I_084466-RGB.pdf> <./MC0114/MC0114_F861_113862-RGB.
pdf> <./MC0114/MC0114_I_113862-RGB.pdf> <./MC0114/MC0114_F861_273678-RGB.pdf> <
./MC0114/MC0114_I_273678-RGB.pdf> <./MC0115/MC0115_F861_043944-RGB.pdf> <./MC01
15/MC0115_I_043944-RGB.pdf>] [9 <./MC0115/MC0115_F861_063029-RGB.pdf> <./MC0115
/MC0115_I_063029-RGB.pdf> <./MC0115/MC0115_F861_105523-RGB.pdf> <./MC0115/MC011
5_I_105523-RGB.pdf> <./MC0115/MC0115_F861_112627-RGB.pdf> <./MC0115/MC0115_I_11
2627-RGB.pdf> <./MC0115/MC0115_F861_147165-RGB.pdf> <./MC0115/MC0115_I_147165-R
GB.pdf> <./MC0115/MC0115_F861_229578-RGB.pdf> <./MC0115/MC0115_I_229578-RGB.pdf
>] [10 <./MC0115/MC0115_F861_308119-RGB.pdf> <./MC0115/MC0115_I_308119-RGB.pdf>
 <./MC0115/MC0115_F861_350934-RGB.pdf> <./MC0115/MC0115_I_350934-RGB.pdf> <./MC
0115/MC0115_F861_402039-RGB.pdf> <./MC0115/MC0115_I_402039-RGB.pdf> <./MC0116/M
C0116_F861_015280-RGB.pdf> <./MC0116/MC0116_I_015280-RGB.pdf> <./MC0116/MC0116_
F861_172101-RGB.pdf> <./MC0116/MC0116_I_172101-RGB.pdf>] [11 <./MC0133/MC0133_F
861_025038-RGB.pdf> <./MC0133/MC0133_I_025038-RGB.pdf>] (./pne-smc-splus.aux) )
 
Here is how much of TeX's memory you used:
 4782 strings out of 493029
 78769 string characters out of 6136233
 242852 words of memory out of 5000000
 8126 multiletter control sequences out of 15000+600000
 9402 words of font info for 34 fonts, out of 8000000 for 9000
 1141 hyphenation exceptions out of 8191
 38i,12n,31p,395b,384s stack positions out of 5000i,500n,10000p,200000b,80000s
</usr/share/texlive/texmf-dist/fonts/type1/public/amsfonts/cm/cmbx10.pfb></usr/
share/texlive/texmf-dist/fonts/type1/public/amsfonts/cm/cmbx12.pfb></usr/share/
texlive/texmf-dist/fonts/type1/public/amsfonts/cm/cmmi10.pfb></usr/share/texliv
e/texmf-dist/fonts/type1/public/amsfonts/cm/cmr10.pfb></usr/share/texlive/texmf
-dist/fonts/type1/public/amsfonts/cm/cmr17.pfb></usr/share/texlive/texmf-dist/f
onts/type1/public/amsfonts/cm/cmsy10.pfb>
Output written on pne-smc-splus.pdf (11 pages, 2971545 bytes).
PDF statistics:
 5582 PDF objects out of 6186 (max. 8388607)
 1142 compressed objects within 12 object streams
 0 named destinations out of 1000 (max. 500000)
 1414 words of extra memory for PDF output out of 10000 (max. 10000000)

